<?xml version="1.0" encoding="UTF-8"?>
<Site BuildName="(empty)"
	BuildStamp="20240726-0844-Experimental"
	Name="(empty)"
	Generator="ctest-3.22.1"
	CompilerName=""
	CompilerVersion=""
	OSName="Linux"
	Hostname="contaro-Z690-PG-Riptide"
	OSRelease="6.5.0-41-generic"
	OSVersion="#41~22.04.2-Ubuntu SMP PREEMPT_DYNAMIC Mon Jun  3 11:32:55 UTC 2"
	OSPlatform="x86_64"
	Is64Bits="1"
	VendorString="GenuineIntel"
	VendorID="Intel Corporation"
	FamilyID="6"
	ModelID="151"
	ProcessorCacheSize="18432"
	NumberOfLogicalCPU="12"
	NumberOfPhysicalCPU="6"
	TotalVirtualMemory="0"
	TotalPhysicalMemory="15809"
	LogicalProcessorsPerPhysical="2"
	ProcessorClockFrequency="2381.4"
	>
	<Testing>
		<StartDateTime>Jul 26 11:44 MSK</StartDateTime>
		<StartTestTime>1721983480</StartTestTime>
		<TestList/>
		<EndDateTime>Jul 26 11:44 MSK</EndDateTime>
		<EndTestTime>1721983480</EndTestTime>
		<ElapsedMinutes>0</ElapsedMinutes>
	</Testing>
</Site>
